{"meta": {"version": "6.5.0", "timestamp": "2022-11-30T12:08:28.225535", "branch_coverage": false, "show_contexts": false}, "files": {"src/EinesDeJardiner/Data_Processing.py": {"executed_lines": [1, 3, 6, 8, 9, 10, 11], "summary": {"covered_lines": 7, "num_statements": 7, "percent_covered": 100.0, "percent_covered_display": "100", "missing_lines": 0, "excluded_lines": 0}, "missing_lines": [], "excluded_lines": []}, "src/EinesDeJardiner/Dummy_Creation.py": {"executed_lines": [1, 4, 6, 9, 11, 12, 14], "summary": {"covered_lines": 7, "num_statements": 7, "percent_covered": 100.0, "percent_covered_display": "100", "missing_lines": 0, "excluded_lines": 0}, "missing_lines": [], "excluded_lines": []}, "src/EinesDeJardiner/Model.py": {"executed_lines": [1, 2, 3, 6, 8, 9, 10, 13, 15, 16, 17, 19, 22, 23], "summary": {"covered_lines": 14, "num_statements": 14, "percent_covered": 100.0, "percent_covered_display": "100", "missing_lines": 0, "excluded_lines": 0}, "missing_lines": [], "excluded_lines": []}, "test/test_Data_Processing.py": {"executed_lines": [2, 3, 4, 5, 6, 9, 10, 11, 12, 13, 14, 16, 17, 18, 19, 20, 22], "summary": {"covered_lines": 17, "num_statements": 18, "percent_covered": 94.44444444444444, "percent_covered_display": "94", "missing_lines": 1, "excluded_lines": 0}, "missing_lines": [23], "excluded_lines": []}, "test/test_Dummy_Creation.py": {"executed_lines": [2, 3, 4, 5, 8, 9, 10, 11, 12, 13, 15, 16, 17, 18, 19, 20, 21, 23], "summary": {"covered_lines": 18, "num_statements": 19, "percent_covered": 94.73684210526316, "percent_covered_display": "95", "missing_lines": 1, "excluded_lines": 0}, "missing_lines": [24], "excluded_lines": []}, "test/test_Model.py": {"executed_lines": [1, 2, 3, 4, 5, 6, 8, 9, 10, 16, 17, 18, 20, 21, 22, 24, 25, 31, 32, 33, 35, 36, 38, 39, 41, 42, 43, 45, 48, 49, 50, 51, 52, 53, 56], "summary": {"covered_lines": 35, "num_statements": 36, "percent_covered": 97.22222222222223, "percent_covered_display": "97", "missing_lines": 1, "excluded_lines": 0}, "missing_lines": [57], "excluded_lines": []}}, "totals": {"covered_lines": 98, "num_statements": 101, "percent_covered": 97.02970297029702, "percent_covered_display": "97", "missing_lines": 3, "excluded_lines": 0}}